2025-01-08T10:54:55.047+05:30  INFO 980 --- [todo-management-application] [restartedMain] i.v.s.web.TodoManagementApplication      : Starting TodoManagementApplication using Java 17.0.12 with PID 980 (D:\development\java\eclipse\todo-management-application\target\classes started by UmaSuraj in D:\development\java\eclipse\todo-management-application)
2025-01-08T10:54:56.413+05:30 DEBUG 980 --- [todo-management-application] [restartedMain] i.v.s.web.TodoManagementApplication      : Running with Spring Boot v3.3.7, Spring v6.1.16
2025-01-08T10:54:56.418+05:30  INFO 980 --- [todo-management-application] [restartedMain] i.v.s.web.TodoManagementApplication      : No active profile set, falling back to 1 default profile: "default"
2025-01-08T10:55:00.707+05:30  INFO 980 --- [todo-management-application] [restartedMain] .e.DevToolsPropertyDefaultsPostProcessor : Devtools property defaults active! Set 'spring.devtools.add-properties' to 'false' to disable
2025-01-08T10:55:00.708+05:30  INFO 980 --- [todo-management-application] [restartedMain] .e.DevToolsPropertyDefaultsPostProcessor : For additional web related logging consider setting the 'logging.level.web' property to 'DEBUG'
2025-01-08T10:55:53.764+05:30  INFO 980 --- [todo-management-application] [restartedMain] o.s.b.w.embedded.tomcat.TomcatWebServer  : Tomcat initialized with port 8081 (http)
2025-01-08T10:55:54.720+05:30  INFO 980 --- [todo-management-application] [restartedMain] o.apache.catalina.core.StandardService   : Starting service [Tomcat]
2025-01-08T10:55:54.725+05:30  INFO 980 --- [todo-management-application] [restartedMain] o.apache.catalina.core.StandardEngine    : Starting Servlet engine: [Apache Tomcat/10.1.34]
2025-01-08T10:56:01.089+05:30  INFO 980 --- [todo-management-application] [restartedMain] org.apache.jasper.servlet.TldScanner     : At least one JAR was scanned for TLDs yet contained no TLDs. Enable debug logging for this logger for a complete list of JARs that were scanned but no TLDs were found in them. Skipping unneeded JARs during scanning can improve startup time and JSP compilation time.
2025-01-08T10:56:01.170+05:30  INFO 980 --- [todo-management-application] [restartedMain] o.a.c.c.C.[Tomcat].[localhost].[/]       : Initializing Spring embedded WebApplicationContext
2025-01-08T10:56:01.174+05:30  INFO 980 --- [todo-management-application] [restartedMain] w.s.c.ServletWebServerApplicationContext : Root WebApplicationContext: initialization completed in 60462 ms
2025-01-08T10:56:20.313+05:30  INFO 980 --- [todo-management-application] [restartedMain] o.s.b.d.a.OptionalLiveReloadServer       : LiveReload server is running on port 35729
2025-01-08T10:56:21.847+05:30  INFO 980 --- [todo-management-application] [restartedMain] o.s.b.w.embedded.tomcat.TomcatWebServer  : Tomcat started on port 8081 (http) with context path '/'
2025-01-08T10:56:21.958+05:30  INFO 980 --- [todo-management-application] [restartedMain] i.v.s.web.TodoManagementApplication      : Started TodoManagementApplication in 119.044 seconds (process running for 153.723)
2025-01-08T11:00:16.668+05:30  INFO 980 --- [todo-management-application] [http-nio-8081-exec-1] o.a.c.c.C.[Tomcat].[localhost].[/]       : Initializing Spring DispatcherServlet 'dispatcherServlet'
2025-01-08T11:00:16.701+05:30  INFO 980 --- [todo-management-application] [http-nio-8081-exec-1] o.s.web.servlet.DispatcherServlet        : Initializing Servlet 'dispatcherServlet'
2025-01-08T11:00:16.888+05:30  INFO 980 --- [todo-management-application] [http-nio-8081-exec-1] o.s.web.servlet.DispatcherServlet        : Completed initialization in 100 ms
2025-01-08T11:00:41.513+05:30  WARN 980 --- [todo-management-application] [http-nio-8081-exec-1] o.a.c.util.SessionIdGeneratorBase        : Creation of SecureRandom instance for session ID generation using [SHA1PRNG] took [493] milliseconds.
2025-01-08T11:00:41.553+05:30  WARN 980 --- [todo-management-application] [http-nio-8081-exec-2] o.a.c.util.SessionIdGeneratorBase        : Creation of SecureRandom instance for session ID generation using [SHA1PRNG] took [595] milliseconds.
2025-01-08T11:26:33.051+05:30  INFO 980 --- [todo-management-application] [File Watcher] rtingClassPathChangeChangedEventListener : Restarting due to 21 class path changes (0 additions, 21 deletions, 0 modifications)
2025-01-08T11:26:41.108+05:30  WARN 980 --- [todo-management-application] [Thread-5] org.apache.tomcat.util.net.Acceptor      : The acceptor thread [http-nio-8081-Acceptor] did not stop cleanly
2025-01-08T11:26:57.782+05:30  INFO 980 --- [todo-management-application] [restartedMain] i.v.s.web.TodoManagementApplication      : Starting TodoManagementApplication using Java 17.0.12 with PID 980 (D:\development\java\eclipse\todo-management-application\target\classes started by UmaSuraj in D:\development\java\eclipse\todo-management-application)
2025-01-08T11:26:57.783+05:30 DEBUG 980 --- [todo-management-application] [restartedMain] i.v.s.web.TodoManagementApplication      : Running with Spring Boot v3.3.7, Spring v6.1.16
2025-01-08T11:26:57.784+05:30  INFO 980 --- [todo-management-application] [restartedMain] i.v.s.web.TodoManagementApplication      : No active profile set, falling back to 1 default profile: "default"
2025-01-08T11:27:13.273+05:30  INFO 980 --- [todo-management-application] [restartedMain] o.s.b.w.embedded.tomcat.TomcatWebServer  : Tomcat initialized with port 8081 (http)
2025-01-08T11:27:13.285+05:30  INFO 980 --- [todo-management-application] [restartedMain] o.apache.catalina.core.StandardService   : Starting service [Tomcat]
2025-01-08T11:27:13.287+05:30  INFO 980 --- [todo-management-application] [restartedMain] o.apache.catalina.core.StandardEngine    : Starting Servlet engine: [Apache Tomcat/10.1.34]
2025-01-08T11:27:15.724+05:30  INFO 980 --- [todo-management-application] [restartedMain] org.apache.jasper.servlet.TldScanner     : At least one JAR was scanned for TLDs yet contained no TLDs. Enable debug logging for this logger for a complete list of JARs that were scanned but no TLDs were found in them. Skipping unneeded JARs during scanning can improve startup time and JSP compilation time.
2025-01-08T11:27:15.735+05:30  INFO 980 --- [todo-management-application] [restartedMain] o.a.c.c.C.[Tomcat].[localhost].[/]       : Initializing Spring embedded WebApplicationContext
2025-01-08T11:27:15.923+05:30  INFO 980 --- [todo-management-application] [restartedMain] w.s.c.ServletWebServerApplicationContext : Root WebApplicationContext: initialization completed in 17564 ms
2025-01-08T11:27:40.176+05:30  INFO 980 --- [todo-management-application] [restartedMain] o.s.b.d.a.OptionalLiveReloadServer       : LiveReload server is running on port 35729
2025-01-08T11:27:44.312+05:30  INFO 980 --- [todo-management-application] [restartedMain] o.s.b.w.embedded.tomcat.TomcatWebServer  : Tomcat started on port 8081 (http) with context path '/'
2025-01-08T11:27:44.753+05:30  INFO 980 --- [todo-management-application] [restartedMain] i.v.s.web.TodoManagementApplication      : Started TodoManagementApplication in 48.501 seconds (process running for 2036.518)
2025-01-08T11:27:44.782+05:30  INFO 980 --- [todo-management-application] [restartedMain] .ConditionEvaluationDeltaLoggingListener : Condition evaluation unchanged
2025-01-08T11:27:46.387+05:30  INFO 980 --- [todo-management-application] [File Watcher] rtingClassPathChangeChangedEventListener : Restarting due to 21 class path changes (21 additions, 0 deletions, 0 modifications)
2025-01-08T11:27:51.065+05:30  INFO 980 --- [todo-management-application] [restartedMain] i.v.s.web.TodoManagementApplication      : Starting TodoManagementApplication using Java 17.0.12 with PID 980 (D:\development\java\eclipse\todo-management-application\target\classes started by UmaSuraj in D:\development\java\eclipse\todo-management-application)
2025-01-08T11:27:51.066+05:30 DEBUG 980 --- [todo-management-application] [restartedMain] i.v.s.web.TodoManagementApplication      : Running with Spring Boot v3.3.7, Spring v6.1.16
2025-01-08T11:27:51.066+05:30  INFO 980 --- [todo-management-application] [restartedMain] i.v.s.web.TodoManagementApplication      : No active profile set, falling back to 1 default profile: "default"
2025-01-08T11:28:01.313+05:30  INFO 980 --- [todo-management-application] [restartedMain] o.s.b.w.embedded.tomcat.TomcatWebServer  : Tomcat initialized with port 8081 (http)
2025-01-08T11:28:01.317+05:30  INFO 980 --- [todo-management-application] [restartedMain] o.apache.catalina.core.StandardService   : Starting service [Tomcat]
2025-01-08T11:28:01.318+05:30  INFO 980 --- [todo-management-application] [restartedMain] o.apache.catalina.core.StandardEngine    : Starting Servlet engine: [Apache Tomcat/10.1.34]
2025-01-08T11:28:03.764+05:30  INFO 980 --- [todo-management-application] [restartedMain] org.apache.jasper.servlet.TldScanner     : At least one JAR was scanned for TLDs yet contained no TLDs. Enable debug logging for this logger for a complete list of JARs that were scanned but no TLDs were found in them. Skipping unneeded JARs during scanning can improve startup time and JSP compilation time.
2025-01-08T11:28:03.769+05:30  INFO 980 --- [todo-management-application] [restartedMain] o.a.c.c.C.[Tomcat].[localhost].[/]       : Initializing Spring embedded WebApplicationContext
2025-01-08T11:28:03.772+05:30  INFO 980 --- [todo-management-application] [restartedMain] w.s.c.ServletWebServerApplicationContext : Root WebApplicationContext: initialization completed in 12027 ms
2025-01-08T11:28:10.898+05:30  INFO 980 --- [todo-management-application] [restartedMain] o.s.b.d.a.OptionalLiveReloadServer       : LiveReload server is running on port 35729
2025-01-08T11:28:11.408+05:30  INFO 980 --- [todo-management-application] [restartedMain] o.s.b.w.embedded.tomcat.TomcatWebServer  : Tomcat started on port 8081 (http) with context path '/'
2025-01-08T11:28:11.432+05:30  INFO 980 --- [todo-management-application] [restartedMain] i.v.s.web.TodoManagementApplication      : Started TodoManagementApplication in 21.519 seconds (process running for 2063.196)
2025-01-08T11:28:13.258+05:30  INFO 980 --- [todo-management-application] [restartedMain] .ConditionEvaluationDeltaLoggingListener : Condition evaluation unchanged
2025-01-08T11:32:23.898+05:30  INFO 980 --- [todo-management-application] [http-nio-8081-exec-2] o.a.c.c.C.[Tomcat].[localhost].[/]       : Initializing Spring DispatcherServlet 'dispatcherServlet'
2025-01-08T11:32:23.904+05:30  INFO 980 --- [todo-management-application] [http-nio-8081-exec-2] o.s.web.servlet.DispatcherServlet        : Initializing Servlet 'dispatcherServlet'
2025-01-08T11:32:23.924+05:30  INFO 980 --- [todo-management-application] [http-nio-8081-exec-2] o.s.web.servlet.DispatcherServlet        : Completed initialization in 19 ms
2025-01-08T11:32:25.405+05:30 ERROR 980 --- [todo-management-application] [http-nio-8081-exec-2] o.a.c.c.C.[.[localhost].[/].[jsp]        : Servlet.service() for servlet [jsp] threw exception

org.apache.jasper.JasperException: The absolute uri: [http://java.sun.com/jsp/jstl/core] cannot be resolved in either web.xml or the jar files deployed with this application
	at org.apache.jasper.compiler.DefaultErrorHandler.jspError(DefaultErrorHandler.java:37) ~[tomcat-embed-jasper-10.1.34.jar:10.1.34]
	at org.apache.jasper.compiler.ErrorDispatcher.dispatch(ErrorDispatcher.java:270) ~[tomcat-embed-jasper-10.1.34.jar:10.1.34]
	at org.apache.jasper.compiler.ErrorDispatcher.jspError(ErrorDispatcher.java:77) ~[tomcat-embed-jasper-10.1.34.jar:10.1.34]
	at org.apache.jasper.compiler.TagLibraryInfoImpl.generateTldResourcePath(TagLibraryInfoImpl.java:253) ~[tomcat-embed-jasper-10.1.34.jar:10.1.34]
	at org.apache.jasper.compiler.TagLibraryInfoImpl.<init>(TagLibraryInfoImpl.java:124) ~[tomcat-embed-jasper-10.1.34.jar:10.1.34]
	at org.apache.jasper.compiler.Parser.parseTaglibDirective(Parser.java:437) ~[tomcat-embed-jasper-10.1.34.jar:10.1.34]
	at org.apache.jasper.compiler.Parser.parseDirective(Parser.java:495) ~[tomcat-embed-jasper-10.1.34.jar:10.1.34]
	at org.apache.jasper.compiler.Parser.parseElements(Parser.java:1452) ~[tomcat-embed-jasper-10.1.34.jar:10.1.34]
	at org.apache.jasper.compiler.Parser.parse(Parser.java:138) ~[tomcat-embed-jasper-10.1.34.jar:10.1.34]
	at org.apache.jasper.compiler.ParserController.doParse(ParserController.java:264) ~[tomcat-embed-jasper-10.1.34.jar:10.1.34]
	at org.apache.jasper.compiler.ParserController.parse(ParserController.java:109) ~[tomcat-embed-jasper-10.1.34.jar:10.1.34]
	at org.apache.jasper.compiler.Compiler.generateJava(Compiler.java:194) ~[tomcat-embed-jasper-10.1.34.jar:10.1.34]
	at org.apache.jasper.compiler.Compiler.compile(Compiler.java:367) ~[tomcat-embed-jasper-10.1.34.jar:10.1.34]
	at org.apache.jasper.compiler.Compiler.compile(Compiler.java:345) ~[tomcat-embed-jasper-10.1.34.jar:10.1.34]
	at org.apache.jasper.compiler.Compiler.compile(Compiler.java:331) ~[tomcat-embed-jasper-10.1.34.jar:10.1.34]
	at org.apache.jasper.JspCompilationContext.compile(JspCompilationContext.java:603) ~[tomcat-embed-jasper-10.1.34.jar:10.1.34]
	at org.apache.jasper.servlet.JspServletWrapper.service(JspServletWrapper.java:396) ~[tomcat-embed-jasper-10.1.34.jar:10.1.34]
	at org.apache.jasper.servlet.JspServlet.serviceJspFile(JspServlet.java:377) ~[tomcat-embed-jasper-10.1.34.jar:10.1.34]
	at org.apache.jasper.servlet.JspServlet.service(JspServlet.java:325) ~[tomcat-embed-jasper-10.1.34.jar:10.1.34]
	at jakarta.servlet.http.HttpServlet.service(HttpServlet.java:658) ~[tomcat-embed-core-10.1.34.jar:6.0]
	at org.apache.catalina.core.ApplicationFilterChain.internalDoFilter(ApplicationFilterChain.java:195) ~[tomcat-embed-core-10.1.34.jar:10.1.34]
	at org.apache.catalina.core.ApplicationFilterChain.doFilter(ApplicationFilterChain.java:140) ~[tomcat-embed-core-10.1.34.jar:10.1.34]
	at org.apache.tomcat.websocket.server.WsFilter.doFilter(WsFilter.java:51) ~[tomcat-embed-websocket-10.1.34.jar:10.1.34]
	at org.apache.catalina.core.ApplicationFilterChain.internalDoFilter(ApplicationFilterChain.java:164) ~[tomcat-embed-core-10.1.34.jar:10.1.34]
	at org.apache.catalina.core.ApplicationFilterChain.doFilter(ApplicationFilterChain.java:140) ~[tomcat-embed-core-10.1.34.jar:10.1.34]
	at org.springframework.web.filter.OncePerRequestFilter.doFilter(OncePerRequestFilter.java:110) ~[spring-web-6.1.16.jar:6.1.16]
	at org.apache.catalina.core.ApplicationFilterChain.internalDoFilter(ApplicationFilterChain.java:164) ~[tomcat-embed-core-10.1.34.jar:10.1.34]
	at org.apache.catalina.core.ApplicationFilterChain.doFilter(ApplicationFilterChain.java:140) ~[tomcat-embed-core-10.1.34.jar:10.1.34]
	at org.springframework.web.filter.OncePerRequestFilter.doFilter(OncePerRequestFilter.java:110) ~[spring-web-6.1.16.jar:6.1.16]
	at org.apache.catalina.core.ApplicationFilterChain.internalDoFilter(ApplicationFilterChain.java:164) ~[tomcat-embed-core-10.1.34.jar:10.1.34]
	at org.apache.catalina.core.ApplicationFilterChain.doFilter(ApplicationFilterChain.java:140) ~[tomcat-embed-core-10.1.34.jar:10.1.34]
	at org.springframework.web.filter.OncePerRequestFilter.doFilter(OncePerRequestFilter.java:110) ~[spring-web-6.1.16.jar:6.1.16]
	at org.apache.catalina.core.ApplicationFilterChain.internalDoFilter(ApplicationFilterChain.java:164) ~[tomcat-embed-core-10.1.34.jar:10.1.34]
	at org.apache.catalina.core.ApplicationFilterChain.doFilter(ApplicationFilterChain.java:140) ~[tomcat-embed-core-10.1.34.jar:10.1.34]
	at org.apache.catalina.core.ApplicationDispatcher.invoke(ApplicationDispatcher.java:633) ~[tomcat-embed-core-10.1.34.jar:10.1.34]
	at org.apache.catalina.core.ApplicationDispatcher.processRequest(ApplicationDispatcher.java:409) ~[tomcat-embed-core-10.1.34.jar:10.1.34]
	at org.apache.catalina.core.ApplicationDispatcher.doForward(ApplicationDispatcher.java:331) ~[tomcat-embed-core-10.1.34.jar:10.1.34]
	at org.apache.catalina.core.ApplicationDispatcher.forward(ApplicationDispatcher.java:268) ~[tomcat-embed-core-10.1.34.jar:10.1.34]
	at org.springframework.web.servlet.view.InternalResourceView.renderMergedOutputModel(InternalResourceView.java:171) ~[spring-webmvc-6.1.16.jar:6.1.16]
	at org.springframework.web.servlet.view.AbstractView.render(AbstractView.java:314) ~[spring-webmvc-6.1.16.jar:6.1.16]
	at org.springframework.web.servlet.DispatcherServlet.render(DispatcherServlet.java:1432) ~[spring-webmvc-6.1.16.jar:6.1.16]
	at org.springframework.web.servlet.DispatcherServlet.processDispatchResult(DispatcherServlet.java:1168) ~[spring-webmvc-6.1.16.jar:6.1.16]
	at org.springframework.web.servlet.DispatcherServlet.doDispatch(DispatcherServlet.java:1106) ~[spring-webmvc-6.1.16.jar:6.1.16]
	at org.springframework.web.servlet.DispatcherServlet.doService(DispatcherServlet.java:979) ~[spring-webmvc-6.1.16.jar:6.1.16]
	at org.springframework.web.servlet.FrameworkServlet.processRequest(FrameworkServlet.java:1014) ~[spring-webmvc-6.1.16.jar:6.1.16]
	at org.springframework.web.servlet.FrameworkServlet.doGet(FrameworkServlet.java:903) ~[spring-webmvc-6.1.16.jar:6.1.16]
	at jakarta.servlet.http.HttpServlet.service(HttpServlet.java:564) ~[tomcat-embed-core-10.1.34.jar:6.0]
	at org.springframework.web.servlet.FrameworkServlet.service(FrameworkServlet.java:885) ~[spring-webmvc-6.1.16.jar:6.1.16]
	at jakarta.servlet.http.HttpServlet.service(HttpServlet.java:658) ~[tomcat-embed-core-10.1.34.jar:6.0]
	at org.apache.catalina.core.ApplicationFilterChain.internalDoFilter(ApplicationFilterChain.java:195) ~[tomcat-embed-core-10.1.34.jar:10.1.34]
	at org.apache.catalina.core.ApplicationFilterChain.doFilter(ApplicationFilterChain.java:140) ~[tomcat-embed-core-10.1.34.jar:10.1.34]
	at org.apache.tomcat.websocket.server.WsFilter.doFilter(WsFilter.java:51) ~[tomcat-embed-websocket-10.1.34.jar:10.1.34]
	at org.apache.catalina.core.ApplicationFilterChain.internalDoFilter(ApplicationFilterChain.java:164) ~[tomcat-embed-core-10.1.34.jar:10.1.34]
	at org.apache.catalina.core.ApplicationFilterChain.doFilter(ApplicationFilterChain.java:140) ~[tomcat-embed-core-10.1.34.jar:10.1.34]
	at org.springframework.web.filter.RequestContextFilter.doFilterInternal(RequestContextFilter.java:100) ~[spring-web-6.1.16.jar:6.1.16]
	at org.springframework.web.filter.OncePerRequestFilter.doFilter(OncePerRequestFilter.java:116) ~[spring-web-6.1.16.jar:6.1.16]
	at org.apache.catalina.core.ApplicationFilterChain.internalDoFilter(ApplicationFilterChain.java:164) ~[tomcat-embed-core-10.1.34.jar:10.1.34]
	at org.apache.catalina.core.ApplicationFilterChain.doFilter(ApplicationFilterChain.java:140) ~[tomcat-embed-core-10.1.34.jar:10.1.34]
	at org.springframework.web.filter.FormContentFilter.doFilterInternal(FormContentFilter.java:93) ~[spring-web-6.1.16.jar:6.1.16]
	at org.springframework.web.filter.OncePerRequestFilter.doFilter(OncePerRequestFilter.java:116) ~[spring-web-6.1.16.jar:6.1.16]
	at org.apache.catalina.core.ApplicationFilterChain.internalDoFilter(ApplicationFilterChain.java:164) ~[tomcat-embed-core-10.1.34.jar:10.1.34]
	at org.apache.catalina.core.ApplicationFilterChain.doFilter(ApplicationFilterChain.java:140) ~[tomcat-embed-core-10.1.34.jar:10.1.34]
	at org.springframework.web.filter.CharacterEncodingFilter.doFilterInternal(CharacterEncodingFilter.java:201) ~[spring-web-6.1.16.jar:6.1.16]
	at org.springframework.web.filter.OncePerRequestFilter.doFilter(OncePerRequestFilter.java:116) ~[spring-web-6.1.16.jar:6.1.16]
	at org.apache.catalina.core.ApplicationFilterChain.internalDoFilter(ApplicationFilterChain.java:164) ~[tomcat-embed-core-10.1.34.jar:10.1.34]
	at org.apache.catalina.core.ApplicationFilterChain.doFilter(ApplicationFilterChain.java:140) ~[tomcat-embed-core-10.1.34.jar:10.1.34]
	at org.apache.catalina.core.StandardWrapperValve.invoke(StandardWrapperValve.java:167) ~[tomcat-embed-core-10.1.34.jar:10.1.34]
	at org.apache.catalina.core.StandardContextValve.invoke(StandardContextValve.java:90) ~[tomcat-embed-core-10.1.34.jar:10.1.34]
	at org.apache.catalina.authenticator.AuthenticatorBase.invoke(AuthenticatorBase.java:483) ~[tomcat-embed-core-10.1.34.jar:10.1.34]
	at org.apache.catalina.core.StandardHostValve.invoke(StandardHostValve.java:115) ~[tomcat-embed-core-10.1.34.jar:10.1.34]
	at org.apache.catalina.valves.ErrorReportValve.invoke(ErrorReportValve.java:93) ~[tomcat-embed-core-10.1.34.jar:10.1.34]
	at org.apache.catalina.core.StandardEngineValve.invoke(StandardEngineValve.java:74) ~[tomcat-embed-core-10.1.34.jar:10.1.34]
	at org.apache.catalina.connector.CoyoteAdapter.service(CoyoteAdapter.java:344) ~[tomcat-embed-core-10.1.34.jar:10.1.34]
	at org.apache.coyote.http11.Http11Processor.service(Http11Processor.java:397) ~[tomcat-embed-core-10.1.34.jar:10.1.34]
	at org.apache.coyote.AbstractProcessorLight.process(AbstractProcessorLight.java:63) ~[tomcat-embed-core-10.1.34.jar:10.1.34]
	at org.apache.coyote.AbstractProtocol$ConnectionHandler.process(AbstractProtocol.java:905) ~[tomcat-embed-core-10.1.34.jar:10.1.34]
	at org.apache.tomcat.util.net.NioEndpoint$SocketProcessor.doRun(NioEndpoint.java:1741) ~[tomcat-embed-core-10.1.34.jar:10.1.34]
	at org.apache.tomcat.util.net.SocketProcessorBase.run(SocketProcessorBase.java:52) ~[tomcat-embed-core-10.1.34.jar:10.1.34]
	at org.apache.tomcat.util.threads.ThreadPoolExecutor.runWorker(ThreadPoolExecutor.java:1190) ~[tomcat-embed-core-10.1.34.jar:10.1.34]
	at org.apache.tomcat.util.threads.ThreadPoolExecutor$Worker.run(ThreadPoolExecutor.java:659) ~[tomcat-embed-core-10.1.34.jar:10.1.34]
	at org.apache.tomcat.util.threads.TaskThread$WrappingRunnable.run(TaskThread.java:63) ~[tomcat-embed-core-10.1.34.jar:10.1.34]
	at java.base/java.lang.Thread.run(Thread.java:842) ~[na:na]

2025-01-08T11:32:26.414+05:30 ERROR 980 --- [todo-management-application] [http-nio-8081-exec-2] o.a.c.c.C.[.[.[/].[dispatcherServlet]    : Servlet.service() for servlet [dispatcherServlet] in context with path [] threw exception [The absolute uri: [http://java.sun.com/jsp/jstl/core] cannot be resolved in either web.xml or the jar files deployed with this application] with root cause

org.apache.jasper.JasperException: The absolute uri: [http://java.sun.com/jsp/jstl/core] cannot be resolved in either web.xml or the jar files deployed with this application
	at org.apache.jasper.compiler.DefaultErrorHandler.jspError(DefaultErrorHandler.java:37) ~[tomcat-embed-jasper-10.1.34.jar:10.1.34]
	at org.apache.jasper.compiler.ErrorDispatcher.dispatch(ErrorDispatcher.java:270) ~[tomcat-embed-jasper-10.1.34.jar:10.1.34]
	at org.apache.jasper.compiler.ErrorDispatcher.jspError(ErrorDispatcher.java:77) ~[tomcat-embed-jasper-10.1.34.jar:10.1.34]
	at org.apache.jasper.compiler.TagLibraryInfoImpl.generateTldResourcePath(TagLibraryInfoImpl.java:253) ~[tomcat-embed-jasper-10.1.34.jar:10.1.34]
	at org.apache.jasper.compiler.TagLibraryInfoImpl.<init>(TagLibraryInfoImpl.java:124) ~[tomcat-embed-jasper-10.1.34.jar:10.1.34]
	at org.apache.jasper.compiler.Parser.parseTaglibDirective(Parser.java:437) ~[tomcat-embed-jasper-10.1.34.jar:10.1.34]
	at org.apache.jasper.compiler.Parser.parseDirective(Parser.java:495) ~[tomcat-embed-jasper-10.1.34.jar:10.1.34]
	at org.apache.jasper.compiler.Parser.parseElements(Parser.java:1452) ~[tomcat-embed-jasper-10.1.34.jar:10.1.34]
	at org.apache.jasper.compiler.Parser.parse(Parser.java:138) ~[tomcat-embed-jasper-10.1.34.jar:10.1.34]
	at org.apache.jasper.compiler.ParserController.doParse(ParserController.java:264) ~[tomcat-embed-jasper-10.1.34.jar:10.1.34]
	at org.apache.jasper.compiler.ParserController.parse(ParserController.java:109) ~[tomcat-embed-jasper-10.1.34.jar:10.1.34]
	at org.apache.jasper.compiler.Compiler.generateJava(Compiler.java:194) ~[tomcat-embed-jasper-10.1.34.jar:10.1.34]
	at org.apache.jasper.compiler.Compiler.compile(Compiler.java:367) ~[tomcat-embed-jasper-10.1.34.jar:10.1.34]
	at org.apache.jasper.compiler.Compiler.compile(Compiler.java:345) ~[tomcat-embed-jasper-10.1.34.jar:10.1.34]
	at org.apache.jasper.compiler.Compiler.compile(Compiler.java:331) ~[tomcat-embed-jasper-10.1.34.jar:10.1.34]
	at org.apache.jasper.JspCompilationContext.compile(JspCompilationContext.java:603) ~[tomcat-embed-jasper-10.1.34.jar:10.1.34]
	at org.apache.jasper.servlet.JspServletWrapper.service(JspServletWrapper.java:396) ~[tomcat-embed-jasper-10.1.34.jar:10.1.34]
	at org.apache.jasper.servlet.JspServlet.serviceJspFile(JspServlet.java:377) ~[tomcat-embed-jasper-10.1.34.jar:10.1.34]
	at org.apache.jasper.servlet.JspServlet.service(JspServlet.java:325) ~[tomcat-embed-jasper-10.1.34.jar:10.1.34]
	at jakarta.servlet.http.HttpServlet.service(HttpServlet.java:658) ~[tomcat-embed-core-10.1.34.jar:6.0]
	at org.apache.catalina.core.ApplicationFilterChain.internalDoFilter(ApplicationFilterChain.java:195) ~[tomcat-embed-core-10.1.34.jar:10.1.34]
	at org.apache.catalina.core.ApplicationFilterChain.doFilter(ApplicationFilterChain.java:140) ~[tomcat-embed-core-10.1.34.jar:10.1.34]
	at org.apache.tomcat.websocket.server.WsFilter.doFilter(WsFilter.java:51) ~[tomcat-embed-websocket-10.1.34.jar:10.1.34]
	at org.apache.catalina.core.ApplicationFilterChain.internalDoFilter(ApplicationFilterChain.java:164) ~[tomcat-embed-core-10.1.34.jar:10.1.34]
	at org.apache.catalina.core.ApplicationFilterChain.doFilter(ApplicationFilterChain.java:140) ~[tomcat-embed-core-10.1.34.jar:10.1.34]
	at org.springframework.web.filter.OncePerRequestFilter.doFilter(OncePerRequestFilter.java:110) ~[spring-web-6.1.16.jar:6.1.16]
	at org.apache.catalina.core.ApplicationFilterChain.internalDoFilter(ApplicationFilterChain.java:164) ~[tomcat-embed-core-10.1.34.jar:10.1.34]
	at org.apache.catalina.core.ApplicationFilterChain.doFilter(ApplicationFilterChain.java:140) ~[tomcat-embed-core-10.1.34.jar:10.1.34]
	at org.springframework.web.filter.OncePerRequestFilter.doFilter(OncePerRequestFilter.java:110) ~[spring-web-6.1.16.jar:6.1.16]
	at org.apache.catalina.core.ApplicationFilterChain.internalDoFilter(ApplicationFilterChain.java:164) ~[tomcat-embed-core-10.1.34.jar:10.1.34]
	at org.apache.catalina.core.ApplicationFilterChain.doFilter(ApplicationFilterChain.java:140) ~[tomcat-embed-core-10.1.34.jar:10.1.34]
	at org.springframework.web.filter.OncePerRequestFilter.doFilter(OncePerRequestFilter.java:110) ~[spring-web-6.1.16.jar:6.1.16]
	at org.apache.catalina.core.ApplicationFilterChain.internalDoFilter(ApplicationFilterChain.java:164) ~[tomcat-embed-core-10.1.34.jar:10.1.34]
	at org.apache.catalina.core.ApplicationFilterChain.doFilter(ApplicationFilterChain.java:140) ~[tomcat-embed-core-10.1.34.jar:10.1.34]
	at org.apache.catalina.core.ApplicationDispatcher.invoke(ApplicationDispatcher.java:633) ~[tomcat-embed-core-10.1.34.jar:10.1.34]
	at org.apache.catalina.core.ApplicationDispatcher.processRequest(ApplicationDispatcher.java:409) ~[tomcat-embed-core-10.1.34.jar:10.1.34]
	at org.apache.catalina.core.ApplicationDispatcher.doForward(ApplicationDispatcher.java:331) ~[tomcat-embed-core-10.1.34.jar:10.1.34]
	at org.apache.catalina.core.ApplicationDispatcher.forward(ApplicationDispatcher.java:268) ~[tomcat-embed-core-10.1.34.jar:10.1.34]
	at org.springframework.web.servlet.view.InternalResourceView.renderMergedOutputModel(InternalResourceView.java:171) ~[spring-webmvc-6.1.16.jar:6.1.16]
	at org.springframework.web.servlet.view.AbstractView.render(AbstractView.java:314) ~[spring-webmvc-6.1.16.jar:6.1.16]
	at org.springframework.web.servlet.DispatcherServlet.render(DispatcherServlet.java:1432) ~[spring-webmvc-6.1.16.jar:6.1.16]
	at org.springframework.web.servlet.DispatcherServlet.processDispatchResult(DispatcherServlet.java:1168) ~[spring-webmvc-6.1.16.jar:6.1.16]
	at org.springframework.web.servlet.DispatcherServlet.doDispatch(DispatcherServlet.java:1106) ~[spring-webmvc-6.1.16.jar:6.1.16]
	at org.springframework.web.servlet.DispatcherServlet.doService(DispatcherServlet.java:979) ~[spring-webmvc-6.1.16.jar:6.1.16]
	at org.springframework.web.servlet.FrameworkServlet.processRequest(FrameworkServlet.java:1014) ~[spring-webmvc-6.1.16.jar:6.1.16]
	at org.springframework.web.servlet.FrameworkServlet.doGet(FrameworkServlet.java:903) ~[spring-webmvc-6.1.16.jar:6.1.16]
	at jakarta.servlet.http.HttpServlet.service(HttpServlet.java:564) ~[tomcat-embed-core-10.1.34.jar:6.0]
	at org.springframework.web.servlet.FrameworkServlet.service(FrameworkServlet.java:885) ~[spring-webmvc-6.1.16.jar:6.1.16]
	at jakarta.servlet.http.HttpServlet.service(HttpServlet.java:658) ~[tomcat-embed-core-10.1.34.jar:6.0]
	at org.apache.catalina.core.ApplicationFilterChain.internalDoFilter(ApplicationFilterChain.java:195) ~[tomcat-embed-core-10.1.34.jar:10.1.34]
	at org.apache.catalina.core.ApplicationFilterChain.doFilter(ApplicationFilterChain.java:140) ~[tomcat-embed-core-10.1.34.jar:10.1.34]
	at org.apache.tomcat.websocket.server.WsFilter.doFilter(WsFilter.java:51) ~[tomcat-embed-websocket-10.1.34.jar:10.1.34]
	at org.apache.catalina.core.ApplicationFilterChain.internalDoFilter(ApplicationFilterChain.java:164) ~[tomcat-embed-core-10.1.34.jar:10.1.34]
	at org.apache.catalina.core.ApplicationFilterChain.doFilter(ApplicationFilterChain.java:140) ~[tomcat-embed-core-10.1.34.jar:10.1.34]
	at org.springframework.web.filter.RequestContextFilter.doFilterInternal(RequestContextFilter.java:100) ~[spring-web-6.1.16.jar:6.1.16]
	at org.springframework.web.filter.OncePerRequestFilter.doFilter(OncePerRequestFilter.java:116) ~[spring-web-6.1.16.jar:6.1.16]
	at org.apache.catalina.core.ApplicationFilterChain.internalDoFilter(ApplicationFilterChain.java:164) ~[tomcat-embed-core-10.1.34.jar:10.1.34]
	at org.apache.catalina.core.ApplicationFilterChain.doFilter(ApplicationFilterChain.java:140) ~[tomcat-embed-core-10.1.34.jar:10.1.34]
	at org.springframework.web.filter.FormContentFilter.doFilterInternal(FormContentFilter.java:93) ~[spring-web-6.1.16.jar:6.1.16]
	at org.springframework.web.filter.OncePerRequestFilter.doFilter(OncePerRequestFilter.java:116) ~[spring-web-6.1.16.jar:6.1.16]
	at org.apache.catalina.core.ApplicationFilterChain.internalDoFilter(ApplicationFilterChain.java:164) ~[tomcat-embed-core-10.1.34.jar:10.1.34]
	at org.apache.catalina.core.ApplicationFilterChain.doFilter(ApplicationFilterChain.java:140) ~[tomcat-embed-core-10.1.34.jar:10.1.34]
	at org.springframework.web.filter.CharacterEncodingFilter.doFilterInternal(CharacterEncodingFilter.java:201) ~[spring-web-6.1.16.jar:6.1.16]
	at org.springframework.web.filter.OncePerRequestFilter.doFilter(OncePerRequestFilter.java:116) ~[spring-web-6.1.16.jar:6.1.16]
	at org.apache.catalina.core.ApplicationFilterChain.internalDoFilter(ApplicationFilterChain.java:164) ~[tomcat-embed-core-10.1.34.jar:10.1.34]
	at org.apache.catalina.core.ApplicationFilterChain.doFilter(ApplicationFilterChain.java:140) ~[tomcat-embed-core-10.1.34.jar:10.1.34]
	at org.apache.catalina.core.StandardWrapperValve.invoke(StandardWrapperValve.java:167) ~[tomcat-embed-core-10.1.34.jar:10.1.34]
	at org.apache.catalina.core.StandardContextValve.invoke(StandardContextValve.java:90) ~[tomcat-embed-core-10.1.34.jar:10.1.34]
	at org.apache.catalina.authenticator.AuthenticatorBase.invoke(AuthenticatorBase.java:483) ~[tomcat-embed-core-10.1.34.jar:10.1.34]
	at org.apache.catalina.core.StandardHostValve.invoke(StandardHostValve.java:115) ~[tomcat-embed-core-10.1.34.jar:10.1.34]
	at org.apache.catalina.valves.ErrorReportValve.invoke(ErrorReportValve.java:93) ~[tomcat-embed-core-10.1.34.jar:10.1.34]
	at org.apache.catalina.core.StandardEngineValve.invoke(StandardEngineValve.java:74) ~[tomcat-embed-core-10.1.34.jar:10.1.34]
	at org.apache.catalina.connector.CoyoteAdapter.service(CoyoteAdapter.java:344) ~[tomcat-embed-core-10.1.34.jar:10.1.34]
	at org.apache.coyote.http11.Http11Processor.service(Http11Processor.java:397) ~[tomcat-embed-core-10.1.34.jar:10.1.34]
	at org.apache.coyote.AbstractProcessorLight.process(AbstractProcessorLight.java:63) ~[tomcat-embed-core-10.1.34.jar:10.1.34]
	at org.apache.coyote.AbstractProtocol$ConnectionHandler.process(AbstractProtocol.java:905) ~[tomcat-embed-core-10.1.34.jar:10.1.34]
	at org.apache.tomcat.util.net.NioEndpoint$SocketProcessor.doRun(NioEndpoint.java:1741) ~[tomcat-embed-core-10.1.34.jar:10.1.34]
	at org.apache.tomcat.util.net.SocketProcessorBase.run(SocketProcessorBase.java:52) ~[tomcat-embed-core-10.1.34.jar:10.1.34]
	at org.apache.tomcat.util.threads.ThreadPoolExecutor.runWorker(ThreadPoolExecutor.java:1190) ~[tomcat-embed-core-10.1.34.jar:10.1.34]
	at org.apache.tomcat.util.threads.ThreadPoolExecutor$Worker.run(ThreadPoolExecutor.java:659) ~[tomcat-embed-core-10.1.34.jar:10.1.34]
	at org.apache.tomcat.util.threads.TaskThread$WrappingRunnable.run(TaskThread.java:63) ~[tomcat-embed-core-10.1.34.jar:10.1.34]
	at java.base/java.lang.Thread.run(Thread.java:842) ~[na:na]

2025-01-08T11:35:33.563+05:30  INFO 980 --- [todo-management-application] [File Watcher] rtingClassPathChangeChangedEventListener : Restarting due to 11 class path changes (0 additions, 0 deletions, 11 modifications)
2025-01-08T11:35:37.510+05:30  INFO 980 --- [todo-management-application] [restartedMain] i.v.s.web.TodoManagementApplication      : Starting TodoManagementApplication using Java 17.0.12 with PID 980 (D:\development\java\eclipse\todo-management-application\target\classes started by UmaSuraj in D:\development\java\eclipse\todo-management-application)
2025-01-08T11:35:37.512+05:30 DEBUG 980 --- [todo-management-application] [restartedMain] i.v.s.web.TodoManagementApplication      : Running with Spring Boot v3.3.7, Spring v6.1.16
2025-01-08T11:35:37.513+05:30  INFO 980 --- [todo-management-application] [restartedMain] i.v.s.web.TodoManagementApplication      : No active profile set, falling back to 1 default profile: "default"
2025-01-08T11:36:06.172+05:30  INFO 1968 --- [todo-management-application] [restartedMain] i.v.s.web.TodoManagementApplication      : Starting TodoManagementApplication using Java 17.0.12 with PID 1968 (D:\development\java\eclipse\todo-management-application\target\classes started by UmaSuraj in D:\development\java\eclipse\todo-management-application)
2025-01-08T11:36:06.178+05:30 DEBUG 1968 --- [todo-management-application] [restartedMain] i.v.s.web.TodoManagementApplication      : Running with Spring Boot v3.3.7, Spring v6.1.16
2025-01-08T11:36:06.185+05:30  INFO 1968 --- [todo-management-application] [restartedMain] i.v.s.web.TodoManagementApplication      : No active profile set, falling back to 1 default profile: "default"
2025-01-08T11:36:07.167+05:30  INFO 1968 --- [todo-management-application] [restartedMain] .e.DevToolsPropertyDefaultsPostProcessor : Devtools property defaults active! Set 'spring.devtools.add-properties' to 'false' to disable
2025-01-08T11:36:07.168+05:30  INFO 1968 --- [todo-management-application] [restartedMain] .e.DevToolsPropertyDefaultsPostProcessor : For additional web related logging consider setting the 'logging.level.web' property to 'DEBUG'
2025-01-08T11:36:32.999+05:30  INFO 1968 --- [todo-management-application] [restartedMain] o.s.b.w.embedded.tomcat.TomcatWebServer  : Tomcat initialized with port 8081 (http)
2025-01-08T11:36:34.035+05:30  INFO 1968 --- [todo-management-application] [restartedMain] o.apache.catalina.core.StandardService   : Starting service [Tomcat]
2025-01-08T11:36:34.038+05:30  INFO 1968 --- [todo-management-application] [restartedMain] o.apache.catalina.core.StandardEngine    : Starting Servlet engine: [Apache Tomcat/10.1.34]
2025-01-08T11:36:47.058+05:30  INFO 1968 --- [todo-management-application] [restartedMain] org.apache.jasper.servlet.TldScanner     : At least one JAR was scanned for TLDs yet contained no TLDs. Enable debug logging for this logger for a complete list of JARs that were scanned but no TLDs were found in them. Skipping unneeded JARs during scanning can improve startup time and JSP compilation time.
2025-01-08T11:36:48.553+05:30  INFO 1968 --- [todo-management-application] [restartedMain] o.a.c.c.C.[Tomcat].[localhost].[/]       : Initializing Spring embedded WebApplicationContext
2025-01-08T11:36:48.557+05:30  INFO 1968 --- [todo-management-application] [restartedMain] w.s.c.ServletWebServerApplicationContext : Root WebApplicationContext: initialization completed in 41380 ms
2025-01-08T11:37:03.345+05:30  INFO 1968 --- [todo-management-application] [restartedMain] o.s.b.d.a.OptionalLiveReloadServer       : LiveReload server is running on port 35729
2025-01-08T11:37:04.148+05:30  INFO 1968 --- [todo-management-application] [restartedMain] o.s.b.w.embedded.tomcat.TomcatWebServer  : Tomcat started on port 8081 (http) with context path '/'
2025-01-08T11:37:04.344+05:30  INFO 1968 --- [todo-management-application] [restartedMain] i.v.s.web.TodoManagementApplication      : Started TodoManagementApplication in 64.45 seconds (process running for 69.987)
2025-01-08T11:37:12.615+05:30  INFO 1968 --- [todo-management-application] [http-nio-8081-exec-1] o.a.c.c.C.[Tomcat].[localhost].[/]       : Initializing Spring DispatcherServlet 'dispatcherServlet'
2025-01-08T11:37:12.618+05:30  INFO 1968 --- [todo-management-application] [http-nio-8081-exec-1] o.s.web.servlet.DispatcherServlet        : Initializing Servlet 'dispatcherServlet'
2025-01-08T11:37:12.642+05:30  INFO 1968 --- [todo-management-application] [http-nio-8081-exec-1] o.s.web.servlet.DispatcherServlet        : Completed initialization in 15 ms
2025-01-08T11:37:27.788+05:30  WARN 1968 --- [todo-management-application] [http-nio-8081-exec-1] o.a.c.util.SessionIdGeneratorBase        : Creation of SecureRandom instance for session ID generation using [SHA1PRNG] took [483] milliseconds.
2025-01-08T11:37:27.813+05:30  WARN 1968 --- [todo-management-application] [http-nio-8081-exec-2] o.a.c.util.SessionIdGeneratorBase        : Creation of SecureRandom instance for session ID generation using [SHA1PRNG] took [461] milliseconds.
